# JRE version: OpenJDK Runtime Environment Microsoft-8526870 (21.0.1+12) (build 21.0.1+12-LTS)
# Java VM: OpenJDK 64-Bit Server VM Microsoft-8526870 (21.0.1+12-LTS, mixed mode, sharing, tiered, compressed oops, compressed class ptrs, g1 gc, bsd-amd64)
Heap:
 garbage-first heap   total 264192K, used 116535K [0x0000000700000000, 0x0000000800000000)
  region size 2048K, 51 young (104448K), 1 survivors (2048K)
 Metaspace       used 12210K, committed 12480K, reserved 1114112K
  class space    used 1279K, committed 1408K, reserved 1048576K
GC Heap History (20 events):
Event: 10851.446 GC heap before
{Heap before GC invocations=2297 (full 0):
 garbage-first heap   total 264192K, used 167733K [0x0000000700000000, 0x0000000800000000)
  region size 2048K, 76 young (155648K), 1 survivors (2048K)
 Metaspace       used 12210K, committed 12480K, reserved 1114112K
  class space    used 1279K, committed 1408K, reserved 1048576K
}
Event: 10851.447 GC heap after
{Heap after GC invocations=2298 (full 0):
 garbage-first heap   total 264192K, used 14131K [0x0000000700000000, 0x0000000800000000)
  region size 2048K, 1 young (2048K), 1 survivors (2048K)
 Metaspace       used 12210K, committed 12480K, reserved 1114112K
  class space    used 1279K, committed 1408K, reserved 1048576K
}
Event: 10855.215 GC heap before
{Heap before GC invocations=2298 (full 0):
 garbage-first heap   total 264192K, used 167731K [0x0000000700000000, 0x0000000800000000)
  region size 2048K, 76 young (155648K), 1 survivors (2048K)
 Metaspace       used 12210K, committed 12480K, reserved 1114112K
  class space    used 1279K, committed 1408K, reserved 1048576K
}
Event: 10855.216 GC heap after
{Heap after GC invocations=2299 (full 0):
 garbage-first heap   total 264192K, used 14133K [0x0000000700000000, 0x0000000800000000)
  region size 2048K, 1 young (2048K), 1 survivors (2048K)
 Metaspace       used 12210K, committed 12480K, reserved 1114112K
  class space    used 1279K, committed 1408K, reserved 1048576K
}
Event: 10858.991 GC heap before
{Heap before GC invocations=2299 (full 0):
 garbage-first heap   total 264192K, used 167733K [0x0000000700000000, 0x0000000800000000)
  region size 2048K, 76 young (155648K), 1 survivors (2048K)
 Metaspace       used 12210K, committed 12480K, reserved 1114112K
  class space    used 1279K, committed 1408K, reserved 1048576K
}
Event: 10858.992 GC heap after
{Heap after GC invocations=2300 (full 0):
 garbage-first heap   total 264192K, used 14132K [0x0000000700000000, 0x0000000800000000)
  region size 2048K, 1 young (2048K), 1 survivors (2048K)
 Metaspace       used 12210K, committed 12480K, reserved 1114112K
  class space    used 1279K, committed 1408K, reserved 1048576K
}
Event: 10862.768 GC heap before
{Heap before GC invocations=2300 (full 0):
 garbage-first heap   total 264192K, used 167732K [0x0000000700000000, 0x0000000800000000)
  region size 2048K, 76 young (155648K), 1 survivors (2048K)
 Metaspace       used 12210K, committed 12480K, reserved 1114112K
  class space    used 1279K, committed 1408K, reserved 1048576K
}
Event: 10862.769 GC heap after
{Heap after GC invocations=2301 (full 0):
 garbage-first heap   total 264192K, used 14132K [0x0000000700000000, 0x0000000800000000)
  region size 2048K, 1 young (2048K), 1 survivors (2048K)
 Metaspace       used 12210K, committed 12480K, reserved 1114112K
  class space    used 1279K, committed 1408K, reserved 1048576K
}
Event: 10866.542 GC heap before
{Heap before GC invocations=2301 (full 0):
 garbage-first heap   total 264192K, used 167732K [0x0000000700000000, 0x0000000800000000)
  region size 2048K, 76 young (155648K), 1 survivors (2048K)
 Metaspace       used 12210K, committed 12480K, reserved 1114112K
  class space    used 1279K, committed 1408K, reserved 1048576K
}
Event: 10866.543 GC heap after
{Heap after GC invocations=2302 (full 0):
 garbage-first heap   total 264192K, used 14137K [0x0000000700000000, 0x0000000800000000)
  region size 2048K, 1 young (2048K), 1 survivors (2048K)
 Metaspace       used 12210K, committed 12480K, reserved 1114112K
  class space    used 1279K, committed 1408K, reserved 1048576K
}
Event: 10870.316 GC heap before
{Heap before GC invocations=2302 (full 0):
 garbage-first heap   total 264192K, used 167737K [0x0000000700000000, 0x0000000800000000)
  region size 2048K, 76 young (155648K), 1 survivors (2048K)
 Metaspace       used 12210K, committed 12480K, reserved 1114112K
  class space    used 1279K, committed 1408K, reserved 1048576K
}
Event: 10870.317 GC heap after
{Heap after GC invocations=2303 (full 0):
 garbage-first heap   total 264192K, used 14131K [0x0000000700000000, 0x0000000800000000)
  region size 2048K, 1 young (2048K), 1 survivors (2048K)
 Metaspace       used 12210K, committed 12480K, reserved 1114112K
  class space    used 1279K, committed 1408K, reserved 1048576K
}
Event: 10874.111 GC heap before
{Heap before GC invocations=2303 (full 0):
 garbage-first heap   total 264192K, used 167731K [0x0000000700000000, 0x0000000800000000)
  region size 2048K, 76 young (155648K), 1 survivors (2048K)
 Metaspace       used 12210K, committed 12480K, reserved 1114112K
  class space    used 1279K, committed 1408K, reserved 1048576K
}
Event: 10874.112 GC heap after
{Heap after GC invocations=2304 (full 0):
 garbage-first heap   total 264192K, used 14130K [0x0000000700000000, 0x0000000800000000)
  region size 2048K, 1 young (2048K), 1 survivors (2048K)
 Metaspace       used 12210K, committed 12480K, reserved 1114112K
  class space    used 1279K, committed 1408K, reserved 1048576K
}
Event: 10877.883 GC heap before
{Heap before GC invocations=2304 (full 0):
 garbage-first heap   total 264192K, used 167730K [0x0000000700000000, 0x0000000800000000)
  region size 2048K, 76 young (155648K), 1 survivors (2048K)
 Metaspace       used 12210K, committed 12480K, reserved 1114112K
  class space    used 1279K, committed 1408K, reserved 1048576K
}
Event: 10877.884 GC heap after
{Heap after GC invocations=2305 (full 0):
 garbage-first heap   total 264192K, used 14133K [0x0000000700000000, 0x0000000800000000)
  region size 2048K, 1 young (2048K), 1 survivors (2048K)
 Metaspace       used 12210K, committed 12480K, reserved 1114112K
  class space    used 1279K, committed 1408K, reserved 1048576K
}
Event: 10881.701 GC heap before
{Heap before GC invocations=2305 (full 0):
 garbage-first heap   total 264192K, used 167733K [0x0000000700000000, 0x0000000800000000)
  region size 2048K, 76 young (155648K), 1 survivors (2048K)
 Metaspace       used 12210K, committed 12480K, reserved 1114112K
  class space    used 1279K, committed 1408K, reserved 1048576K
}
Event: 10881.702 GC heap after
{Heap after GC invocations=2306 (full 0):
 garbage-first heap   total 264192K, used 14137K [0x0000000700000000, 0x0000000800000000)
  region size 2048K, 1 young (2048K), 1 survivors (2048K)
 Metaspace       used 12210K, committed 12480K, reserved 1114112K
  class space    used 1279K, committed 1408K, reserved 1048576K
}
Event: 10885.594 GC heap before
{Heap before GC invocations=2306 (full 0):
 garbage-first heap   total 264192K, used 167737K [0x0000000700000000, 0x0000000800000000)
  region size 2048K, 76 young (155648K), 1 survivors (2048K)
 Metaspace       used 12210K, committed 12480K, reserved 1114112K
  class space    used 1279K, committed 1408K, reserved 1048576K
}
Event: 10885.595 GC heap after
{Heap after GC invocations=2307 (full 0):
 garbage-first heap   total 264192K, used 14135K [0x0000000700000000, 0x0000000800000000)
  region size 2048K, 1 young (2048K), 1 survivors (2048K)
 Metaspace       used 12210K, committed 12480K, reserved 1114112K
  class space    used 1279K, committed 1408K, reserved 1048576K
}

